[2026-05-07T13:57:29+00:00] running exp/results/RFM_segmented/tedlium_lr1e-5.yaml
/exp/exp4/acp21rjf/long-context-asr/lcasr/utils/general.py:44: UserWarning: No model_class specified in model config or args, defaulting to SCConformerXL
  warnings.warn('No model_class specified in model config or args, defaulting to SCConformerXL')
Using rollout function: cpu_rollout_policy
Using policy with class: <class 'l2augment.modelling.models.FrequencyMaskingRanker'>
Index 1/11 - 0
--- BillGates_2010 ---
Original WER: 0.10660004164064127
Epoch 1/1 - Utterance 1/167 - ID 36
Epoch 1/1 - Utterance 2/167 - ID 130
Epoch 1/1 - Utterance 3/167 - ID 42
Epoch 1/1 - Utterance 4/167 - ID 106
Epoch 1/1 - Utterance 5/167 - ID 70
Epoch 1/1 - Utterance 6/167 - ID 105
Epoch 1/1 - Utterance 7/167 - ID 38
Epoch 1/1 - Utterance 8/167 - ID 71
Epoch 1/1 - Utterance 9/167 - ID 63
Epoch 1/1 - Utterance 10/167 - ID 78
Epoch 1/1 - Utterance 11/167 - ID 163
Epoch 1/1 - Utterance 12/167 - ID 137
Epoch 1/1 - Utterance 13/167 - ID 62
Epoch 1/1 - Utterance 14/167 - ID 87
Epoch 1/1 - Utterance 15/167 - ID 151
Epoch 1/1 - Utterance 16/167 - ID 3
Epoch 1/1 - Utterance 17/167 - ID 140
Epoch 1/1 - Utterance 18/167 - ID 121
Epoch 1/1 - Utterance 19/167 - ID 85
Epoch 1/1 - Utterance 20/167 - ID 119
Epoch 1/1 - Utterance 21/167 - ID 16
Epoch 1/1 - Utterance 22/167 - ID 59
Epoch 1/1 - Utterance 23/167 - ID 82
Epoch 1/1 - Utterance 24/167 - ID 49
Epoch 1/1 - Utterance 25/167 - ID 39
Epoch 1/1 - Utterance 26/167 - ID 84
Epoch 1/1 - Utterance 27/167 - ID 93
Epoch 1/1 - Utterance 28/167 - ID 92
Epoch 1/1 - Utterance 29/167 - ID 53
Epoch 1/1 - Utterance 30/167 - ID 157
Epoch 1/1 - Utterance 31/167 - ID 153
Epoch 1/1 - Utterance 32/167 - ID 131
Epoch 1/1 - Utterance 33/167 - ID 117
Epoch 1/1 - Utterance 34/167 - ID 57
Epoch 1/1 - Utterance 35/167 - ID 28
Epoch 1/1 - Utterance 36/167 - ID 99
Epoch 1/1 - Utterance 37/167 - ID 37
Epoch 1/1 - Utterance 38/167 - ID 133
Epoch 1/1 - Utterance 39/167 - ID 95
Epoch 1/1 - Utterance 40/167 - ID 102
Epoch 1/1 - Utterance 41/167 - ID 17
Epoch 1/1 - Utterance 42/167 - ID 142
Epoch 1/1 - Utterance 43/167 - ID 159
Epoch 1/1 - Utterance 44/167 - ID 60
Epoch 1/1 - Utterance 45/167 - ID 164
Epoch 1/1 - Utterance 46/167 - ID 8
Epoch 1/1 - Utterance 47/167 - ID 89
Epoch 1/1 - Utterance 48/167 - ID 101
Epoch 1/1 - Utterance 49/167 - ID 127
Epoch 1/1 - Utterance 50/167 - ID 108
Epoch 1/1 - Utterance 51/167 - ID 166
Epoch 1/1 - Utterance 52/167 - ID 136
Epoch 1/1 - Utterance 53/167 - ID 141
Epoch 1/1 - Utterance 54/167 - ID 41
Epoch 1/1 - Utterance 55/167 - ID 132
Epoch 1/1 - Utterance 56/167 - ID 139
Epoch 1/1 - Utterance 57/167 - ID 18
Epoch 1/1 - Utterance 58/167 - ID 81
Epoch 1/1 - Utterance 59/167 - ID 72
Epoch 1/1 - Utterance 60/167 - ID 69
Epoch 1/1 - Utterance 61/167 - ID 26
Epoch 1/1 - Utterance 62/167 - ID 75
Epoch 1/1 - Utterance 63/167 - ID 52
Epoch 1/1 - Utterance 64/167 - ID 48
Epoch 1/1 - Utterance 65/167 - ID 126
Epoch 1/1 - Utterance 66/167 - ID 43
Epoch 1/1 - Utterance 67/167 - ID 91
Epoch 1/1 - Utterance 68/167 - ID 9
Epoch 1/1 - Utterance 69/167 - ID 25
Epoch 1/1 - Utterance 70/167 - ID 148
Epoch 1/1 - Utterance 71/167 - ID 155
Epoch 1/1 - Utterance 72/167 - ID 158
Epoch 1/1 - Utterance 73/167 - ID 160
Epoch 1/1 - Utterance 74/167 - ID 23
Epoch 1/1 - Utterance 75/167 - ID 114
Epoch 1/1 - Utterance 76/167 - ID 109
Epoch 1/1 - Utterance 77/167 - ID 30
Epoch 1/1 - Utterance 78/167 - ID 67
Epoch 1/1 - Utterance 79/167 - ID 154
Epoch 1/1 - Utterance 80/167 - ID 103
Epoch 1/1 - Utterance 81/167 - ID 107
Epoch 1/1 - Utterance 82/167 - ID 45
Epoch 1/1 - Utterance 83/167 - ID 80
Epoch 1/1 - Utterance 84/167 - ID 5
Epoch 1/1 - Utterance 85/167 - ID 73
Epoch 1/1 - Utterance 86/167 - ID 35
Epoch 1/1 - Utterance 87/167 - ID 50
Epoch 1/1 - Utterance 88/167 - ID 156
Epoch 1/1 - Utterance 89/167 - ID 88
Epoch 1/1 - Utterance 90/167 - ID 97
Epoch 1/1 - Utterance 91/167 - ID 79
Epoch 1/1 - Utterance 92/167 - ID 64
Epoch 1/1 - Utterance 93/167 - ID 100
Epoch 1/1 - Utterance 94/167 - ID 66
Epoch 1/1 - Utterance 95/167 - ID 98
Epoch 1/1 - Utterance 96/167 - ID 147
Epoch 1/1 - Utterance 97/167 - ID 55
Epoch 1/1 - Utterance 98/167 - ID 65
Epoch 1/1 - Utterance 99/167 - ID 77
Epoch 1/1 - Utterance 100/167 - ID 1
Epoch 1/1 - Utterance 101/167 - ID 125
Epoch 1/1 - Utterance 102/167 - ID 111
Epoch 1/1 - Utterance 103/167 - ID 21
Epoch 1/1 - Utterance 104/167 - ID 12
Epoch 1/1 - Utterance 105/167 - ID 54
Epoch 1/1 - Utterance 106/167 - ID 161
Epoch 1/1 - Utterance 107/167 - ID 61
Epoch 1/1 - Utterance 108/167 - ID 122
Epoch 1/1 - Utterance 109/167 - ID 2
Epoch 1/1 - Utterance 110/167 - ID 4
Epoch 1/1 - Utterance 111/167 - ID 104
Epoch 1/1 - Utterance 112/167 - ID 51
Epoch 1/1 - Utterance 113/167 - ID 90
Epoch 1/1 - Utterance 114/167 - ID 56
Epoch 1/1 - Utterance 115/167 - ID 138
Epoch 1/1 - Utterance 116/167 - ID 146
Epoch 1/1 - Utterance 117/167 - ID 123
Epoch 1/1 - Utterance 118/167 - ID 149
Epoch 1/1 - Utterance 119/167 - ID 120
Epoch 1/1 - Utterance 120/167 - ID 115
Epoch 1/1 - Utterance 121/167 - ID 34
Epoch 1/1 - Utterance 122/167 - ID 118
Epoch 1/1 - Utterance 123/167 - ID 110
Epoch 1/1 - Utterance 124/167 - ID 14
Epoch 1/1 - Utterance 125/167 - ID 143
Epoch 1/1 - Utterance 126/167 - ID 31
Epoch 1/1 - Utterance 127/167 - ID 32
Epoch 1/1 - Utterance 128/167 - ID 150
Epoch 1/1 - Utterance 129/167 - ID 83
Epoch 1/1 - Utterance 130/167 - ID 144
Epoch 1/1 - Utterance 131/167 - ID 76
Epoch 1/1 - Utterance 132/167 - ID 86
Epoch 1/1 - Utterance 133/167 - ID 152
Epoch 1/1 - Utterance 134/167 - ID 20
Epoch 1/1 - Utterance 135/167 - ID 22
Epoch 1/1 - Utterance 136/167 - ID 145
Epoch 1/1 - Utterance 137/167 - ID 24
Epoch 1/1 - Utterance 138/167 - ID 162
Epoch 1/1 - Utterance 139/167 - ID 27
Epoch 1/1 - Utterance 140/167 - ID 11
Epoch 1/1 - Utterance 141/167 - ID 134
Epoch 1/1 - Utterance 142/167 - ID 40
Epoch 1/1 - Utterance 143/167 - ID 129
Epoch 1/1 - Utterance 144/167 - ID 116
Epoch 1/1 - Utterance 145/167 - ID 113
Epoch 1/1 - Utterance 146/167 - ID 128
Epoch 1/1 - Utterance 147/167 - ID 112
Epoch 1/1 - Utterance 148/167 - ID 15
Epoch 1/1 - Utterance 149/167 - ID 46
Epoch 1/1 - Utterance 150/167 - ID 10
Epoch 1/1 - Utterance 151/167 - ID 94
Epoch 1/1 - Utterance 152/167 - ID 96
Epoch 1/1 - Utterance 153/167 - ID 33
Epoch 1/1 - Utterance 154/167 - ID 135
Epoch 1/1 - Utterance 155/167 - ID 6
Epoch 1/1 - Utterance 156/167 - ID 47
Epoch 1/1 - Utterance 157/167 - ID 124
Epoch 1/1 - Utterance 158/167 - ID 58
Epoch 1/1 - Utterance 159/167 - ID 29
Epoch 1/1 - Utterance 160/167 - ID 165
Epoch 1/1 - Utterance 161/167 - ID 68
