/exp/exp4/acp21rjf/long-context-asr/lcasr/utils/general.py:44: UserWarning: No model_class specified in model config or args, defaulting to SCConformerXL
  warnings.warn('No model_class specified in model config or args, defaulting to SCConformerXL')
Using rollout function: cpu_rollout_search
Using policy with class: <class 'l2augment.modelling.models.MixedMaskingRanker'>
Index 1/11 - 0
--- BillGates_2010 ---
Original WER: 0.10660004164064127
Epoch 1/1 - Utterance 1/167 - ID 36
0.0
Epoch 1/1 - Utterance 2/167 - ID 130
0.0
Epoch 1/1 - Utterance 3/167 - ID 42
-10.526314735412598
Epoch 1/1 - Utterance 4/167 - ID 106
-50.0
Epoch 1/1 - Utterance 5/167 - ID 70
2.127659559249878
Epoch 1/1 - Utterance 6/167 - ID 105
-11.627906799316406
Epoch 1/1 - Utterance 7/167 - ID 38
3.22580623626709
Epoch 1/1 - Utterance 8/167 - ID 71
0.0
Epoch 1/1 - Utterance 9/167 - ID 63
0.0
Epoch 1/1 - Utterance 10/167 - ID 78
-8.69565200805664
Epoch 1/1 - Utterance 11/167 - ID 163
-3.125
Epoch 1/1 - Utterance 12/167 - ID 137
0.0
Epoch 1/1 - Utterance 13/167 - ID 62
-5.882352828979492
Epoch 1/1 - Utterance 14/167 - ID 87
0.0
Epoch 1/1 - Utterance 15/167 - ID 151
-4.5454559326171875
Epoch 1/1 - Utterance 16/167 - ID 3
0.0
Epoch 1/1 - Utterance 17/167 - ID 140
0.0
Epoch 1/1 - Utterance 18/167 - ID 121
-3.8461532592773438
Epoch 1/1 - Utterance 19/167 - ID 85
0.0
Epoch 1/1 - Utterance 20/167 - ID 119
0.0
Epoch 1/1 - Utterance 21/167 - ID 16
0.0
Epoch 1/1 - Utterance 22/167 - ID 59
1.9230766296386719
Epoch 1/1 - Utterance 23/167 - ID 82
0.0
Epoch 1/1 - Utterance 24/167 - ID 49
5.0
Epoch 1/1 - Utterance 25/167 - ID 39
-5.128204345703125
Epoch 1/1 - Utterance 26/167 - ID 84
-2.222221851348877
Epoch 1/1 - Utterance 27/167 - ID 93
-2.0833334922790527
Epoch 1/1 - Utterance 28/167 - ID 92
0.0
Epoch 1/1 - Utterance 29/167 - ID 53
0.0
Epoch 1/1 - Utterance 30/167 - ID 157
6.25
Epoch 1/1 - Utterance 31/167 - ID 153
0.0
Epoch 1/1 - Utterance 32/167 - ID 131
-6.12244987487793
Epoch 1/1 - Utterance 33/167 - ID 117
0.0
Epoch 1/1 - Utterance 34/167 - ID 57
0.0
Epoch 1/1 - Utterance 35/167 - ID 28
0.0
Epoch 1/1 - Utterance 36/167 - ID 99
-8.69565200805664
Epoch 1/1 - Utterance 37/167 - ID 37
0.0
Epoch 1/1 - Utterance 38/167 - ID 133
0.0
Epoch 1/1 - Utterance 39/167 - ID 95
0.0
Epoch 1/1 - Utterance 40/167 - ID 102
0.0
Epoch 1/1 - Utterance 41/167 - ID 17
0.0
Epoch 1/1 - Utterance 42/167 - ID 142
0.0
Epoch 1/1 - Utterance 43/167 - ID 159
1.724137783050537
Epoch 1/1 - Utterance 44/167 - ID 60
0.0
Epoch 1/1 - Utterance 45/167 - ID 164
0.0
Epoch 1/1 - Utterance 46/167 - ID 8
7.142857074737549
Epoch 1/1 - Utterance 47/167 - ID 89
0.0
Epoch 1/1 - Utterance 48/167 - ID 101
0.0
Epoch 1/1 - Utterance 49/167 - ID 127
0.0
Epoch 1/1 - Utterance 50/167 - ID 108
0.0
Epoch 1/1 - Utterance 51/167 - ID 166
0.0
Epoch 1/1 - Utterance 52/167 - ID 136
0.0
Epoch 1/1 - Utterance 53/167 - ID 141
0.0
Epoch 1/1 - Utterance 54/167 - ID 41
0.0
Epoch 1/1 - Utterance 55/167 - ID 132
0.0
Epoch 1/1 - Utterance 56/167 - ID 139
0.0
Epoch 1/1 - Utterance 57/167 - ID 18
0.0
Epoch 1/1 - Utterance 58/167 - ID 81
-5.55555534362793
Epoch 1/1 - Utterance 59/167 - ID 72
0.0
Epoch 1/1 - Utterance 60/167 - ID 69
0.0
Epoch 1/1 - Utterance 61/167 - ID 26
0.0
Epoch 1/1 - Utterance 62/167 - ID 75
7.6923065185546875
Epoch 1/1 - Utterance 63/167 - ID 52
4.0
Epoch 1/1 - Utterance 64/167 - ID 48
0.0
Epoch 1/1 - Utterance 65/167 - ID 126
-13.333332061767578
Epoch 1/1 - Utterance 66/167 - ID 43
-4.081632614135742
Epoch 1/1 - Utterance 67/167 - ID 91
-14.285714149475098
Epoch 1/1 - Utterance 68/167 - ID 9
-3.846153736114502
Epoch 1/1 - Utterance 69/167 - ID 25
0.0
Epoch 1/1 - Utterance 70/167 - ID 148
10.526315689086914
Epoch 1/1 - Utterance 71/167 - ID 155
0.0
Epoch 1/1 - Utterance 72/167 - ID 158
0.0
Epoch 1/1 - Utterance 73/167 - ID 160
0.0
Epoch 1/1 - Utterance 74/167 - ID 23
5.128205299377441
Epoch 1/1 - Utterance 75/167 - ID 114
0.0
Epoch 1/1 - Utterance 76/167 - ID 109
-9.375
Epoch 1/1 - Utterance 77/167 - ID 30
0.0
Epoch 1/1 - Utterance 78/167 - ID 67
0.0
Epoch 1/1 - Utterance 79/167 - ID 154
-3.0303030014038086
Epoch 1/1 - Utterance 80/167 - ID 103
0.0
Epoch 1/1 - Utterance 81/167 - ID 107
0.0
Epoch 1/1 - Utterance 82/167 - ID 45
0.0
Epoch 1/1 - Utterance 83/167 - ID 80
0.0
Epoch 1/1 - Utterance 84/167 - ID 5
-2.3255813121795654
Epoch 1/1 - Utterance 85/167 - ID 73
-8.333333015441895
Epoch 1/1 - Utterance 86/167 - ID 35
0.0
Epoch 1/1 - Utterance 87/167 - ID 50
0.0
Epoch 1/1 - Utterance 88/167 - ID 156
0.0
Epoch 1/1 - Utterance 89/167 - ID 88
0.0
Epoch 1/1 - Utterance 90/167 - ID 97
0.0
Epoch 1/1 - Utterance 91/167 - ID 79
0.0
Epoch 1/1 - Utterance 92/167 - ID 64
-3.846153736114502
Epoch 1/1 - Utterance 93/167 - ID 100
0.0
Epoch 1/1 - Utterance 94/167 - ID 66
0.0
Epoch 1/1 - Utterance 95/167 - ID 98
7.407407760620117
Epoch 1/1 - Utterance 96/167 - ID 147
-8.333332061767578
Epoch 1/1 - Utterance 97/167 - ID 55
0.0
Epoch 1/1 - Utterance 98/167 - ID 65
0.0
Epoch 1/1 - Utterance 99/167 - ID 77
-3.22580623626709
Epoch 1/1 - Utterance 100/167 - ID 1
0.0
Epoch 1/1 - Utterance 101/167 - ID 125
0.0
Epoch 1/1 - Utterance 102/167 - ID 111
4.0
Epoch 1/1 - Utterance 103/167 - ID 21
0.0
Epoch 1/1 - Utterance 104/167 - ID 12
0.0
Epoch 1/1 - Utterance 105/167 - ID 54
-2.6315784454345703
Epoch 1/1 - Utterance 106/167 - ID 161
-3.7037038803100586
Epoch 1/1 - Utterance 107/167 - ID 61
0.0
Epoch 1/1 - Utterance 108/167 - ID 122
0.0
Epoch 1/1 - Utterance 109/167 - ID 2
0.0
Epoch 1/1 - Utterance 110/167 - ID 4
-2.7777767181396484
Epoch 1/1 - Utterance 111/167 - ID 104
0.0
Epoch 1/1 - Utterance 112/167 - ID 51
-6.451613426208496
Epoch 1/1 - Utterance 113/167 - ID 90
0.0
Epoch 1/1 - Utterance 114/167 - ID 56
0.0
Epoch 1/1 - Utterance 115/167 - ID 138
0.0
Epoch 1/1 - Utterance 116/167 - ID 146
0.0
Epoch 1/1 - Utterance 117/167 - ID 123
-2.857142448425293
Epoch 1/1 - Utterance 118/167 - ID 149
-2.0833330154418945
Epoch 1/1 - Utterance 119/167 - ID 120
0.0
Epoch 1/1 - Utterance 120/167 - ID 115
-3.846153736114502
Epoch 1/1 - Utterance 121/167 - ID 34
0.0
Epoch 1/1 - Utterance 122/167 - ID 118
0.0
Epoch 1/1 - Utterance 123/167 - ID 110
0.0
Epoch 1/1 - Utterance 124/167 - ID 14
0.0
Epoch 1/1 - Utterance 125/167 - ID 143
4.761904716491699
Epoch 1/1 - Utterance 126/167 - ID 31
0.0
Epoch 1/1 - Utterance 127/167 - ID 32
0.0
Epoch 1/1 - Utterance 128/167 - ID 150
0.0
Epoch 1/1 - Utterance 129/167 - ID 83
0.0
Epoch 1/1 - Utterance 130/167 - ID 144
-11.428571701049805
Epoch 1/1 - Utterance 131/167 - ID 76
0.0
Epoch 1/1 - Utterance 132/167 - ID 86
-3.4482760429382324
Epoch 1/1 - Utterance 133/167 - ID 152
4.878048896789551
Epoch 1/1 - Utterance 134/167 - ID 20
0.0
Epoch 1/1 - Utterance 135/167 - ID 22
4.545454978942871
Epoch 1/1 - Utterance 136/167 - ID 145
0.0
Epoch 1/1 - Utterance 137/167 - ID 24
0.0
Epoch 1/1 - Utterance 138/167 - ID 162
0.0
Epoch 1/1 - Utterance 139/167 - ID 27
0.0
Epoch 1/1 - Utterance 140/167 - ID 11
4.545454502105713
Epoch 1/1 - Utterance 141/167 - ID 134
0.0
Epoch 1/1 - Utterance 142/167 - ID 40
0.0
Epoch 1/1 - Utterance 143/167 - ID 129
0.0
Epoch 1/1 - Utterance 144/167 - ID 116
0.0
Epoch 1/1 - Utterance 145/167 - ID 113
0.0
Epoch 1/1 - Utterance 146/167 - ID 128
0.0
Epoch 1/1 - Utterance 147/167 - ID 112
3.7037034034729004
Epoch 1/1 - Utterance 148/167 - ID 15
0.0
Epoch 1/1 - Utterance 149/167 - ID 46
0.0
Epoch 1/1 - Utterance 150/167 - ID 10
0.0
Epoch 1/1 - Utterance 151/167 - ID 94
0.0
Epoch 1/1 - Utterance 152/167 - ID 96
0.0
Epoch 1/1 - Utterance 153/167 - ID 33
-6.25
Epoch 1/1 - Utterance 154/167 - ID 135
0.0
Epoch 1/1 - Utterance 155/167 - ID 6
0.0
Epoch 1/1 - Utterance 156/167 - ID 47
2.857142448425293
Epoch 1/1 - Utterance 157/167 - ID 124
0.0
Epoch 1/1 - Utterance 158/167 - ID 58
0.0
Epoch 1/1 - Utterance 159/167 - ID 29
0.0
Epoch 1/1 - Utterance 160/167 - ID 165
11.11111068725586
Epoch 1/1 - Utterance 161/167 - ID 68
0.0
Epoch 1/1 - Utterance 162/167 - ID 13
4.166667938232422
Epoch 1/1 - Utterance 163/167 - ID 19
0.0
Epoch 1/1 - Utterance 164/167 - ID 0
0.0
Epoch 1/1 - Utterance 165/167 - ID 44
0.0
Epoch 1/1 - Utterance 166/167 - ID 7
0.0
Epoch 1/1 - Utterance 167/167 - ID 74
0.0
0.10660004164064127 0.10222777430772434 -
0.10660004164064127 0.10222777430772434
Index 2/11 - 1
--- JamesCameron_2010 ---
Original WER: 0.0927766732935719
Epoch 1/1 - Utterance 1/95 - ID 44
0.0
Epoch 1/1 - Utterance 2/95 - ID 70
0.0
Epoch 1/1 - Utterance 3/95 - ID 35
0.0
Epoch 1/1 - Utterance 4/95 - ID 18
0.0
Epoch 1/1 - Utterance 5/95 - ID 94
-12.5
Epoch 1/1 - Utterance 6/95 - ID 85
-8.333333015441895
Epoch 1/1 - Utterance 7/95 - ID 10
2.3809523582458496
Epoch 1/1 - Utterance 8/95 - ID 87
0.0
Epoch 1/1 - Utterance 9/95 - ID 92
0.0
Epoch 1/1 - Utterance 10/95 - ID 90
0.0
Epoch 1/1 - Utterance 11/95 - ID 26
-8.823529243469238
Epoch 1/1 - Utterance 12/95 - ID 68
0.0
Epoch 1/1 - Utterance 13/95 - ID 4
-2.702702522277832
Epoch 1/1 - Utterance 14/95 - ID 55
0.0
Epoch 1/1 - Utterance 15/95 - ID 11
2.941176414489746
Epoch 1/1 - Utterance 16/95 - ID 82
-1.7857142686843872
Epoch 1/1 - Utterance 17/95 - ID 41
0.0
Epoch 1/1 - Utterance 18/95 - ID 76
-4.34782600402832
Epoch 1/1 - Utterance 19/95 - ID 31
3.5087718963623047
Epoch 1/1 - Utterance 20/95 - ID 46
0.0
Epoch 1/1 - Utterance 21/95 - ID 24
0.0
Epoch 1/1 - Utterance 22/95 - ID 33
0.0
Epoch 1/1 - Utterance 23/95 - ID 38
0.0
Epoch 1/1 - Utterance 24/95 - ID 45
0.0
Epoch 1/1 - Utterance 25/95 - ID 57
-3.333332061767578
Epoch 1/1 - Utterance 26/95 - ID 91
0.0
Epoch 1/1 - Utterance 27/95 - ID 53
-8.695652961730957
Epoch 1/1 - Utterance 28/95 - ID 77
0.0
Epoch 1/1 - Utterance 29/95 - ID 63
0.0
Epoch 1/1 - Utterance 30/95 - ID 40
0.0
Epoch 1/1 - Utterance 31/95 - ID 80
0.0
Epoch 1/1 - Utterance 32/95 - ID 27
0.0
Epoch 1/1 - Utterance 33/95 - ID 88
0.0
Epoch 1/1 - Utterance 34/95 - ID 30
0.0
Epoch 1/1 - Utterance 35/95 - ID 1
-10.0
Epoch 1/1 - Utterance 36/95 - ID 2
0.0
Epoch 1/1 - Utterance 37/95 - ID 25
0.0
Epoch 1/1 - Utterance 38/95 - ID 51
0.0
Epoch 1/1 - Utterance 39/95 - ID 65
0.0
Epoch 1/1 - Utterance 40/95 - ID 43
-1.492537498474121
Epoch 1/1 - Utterance 41/95 - ID 69
0.0
Epoch 1/1 - Utterance 42/95 - ID 60
0.0
Epoch 1/1 - Utterance 43/95 - ID 17
0.0
Epoch 1/1 - Utterance 44/95 - ID 73
-3.125
Epoch 1/1 - Utterance 45/95 - ID 15
-2.6315793991088867
Epoch 1/1 - Utterance 46/95 - ID 78
0.0
Epoch 1/1 - Utterance 47/95 - ID 74
0.0
Epoch 1/1 - Utterance 48/95 - ID 79
16.66666603088379
Epoch 1/1 - Utterance 49/95 - ID 39
0.0
Epoch 1/1 - Utterance 50/95 - ID 49
0.0
Epoch 1/1 - Utterance 51/95 - ID 61
-2.3809523582458496
Epoch 1/1 - Utterance 52/95 - ID 28
0.0
Epoch 1/1 - Utterance 53/95 - ID 19
-4.166667938232422
Epoch 1/1 - Utterance 54/95 - ID 36
0.0
Epoch 1/1 - Utterance 55/95 - ID 21
0.0
Epoch 1/1 - Utterance 56/95 - ID 50
0.0
Epoch 1/1 - Utterance 57/95 - ID 8
0.0
Epoch 1/1 - Utterance 58/95 - ID 52
1.923076868057251
Epoch 1/1 - Utterance 59/95 - ID 59
3.4482765197753906
Epoch 1/1 - Utterance 60/95 - ID 66
0.0
Epoch 1/1 - Utterance 61/95 - ID 42
0.0
Epoch 1/1 - Utterance 62/95 - ID 32
0.0
Epoch 1/1 - Utterance 63/95 - ID 54
0.0
Epoch 1/1 - Utterance 64/95 - ID 12
0.0
Epoch 1/1 - Utterance 65/95 - ID 89
0.0
Epoch 1/1 - Utterance 66/95 - ID 13
0.0
Epoch 1/1 - Utterance 67/95 - ID 75
0.0
Epoch 1/1 - Utterance 68/95 - ID 20
-5.882352828979492
Epoch 1/1 - Utterance 69/95 - ID 71
4.34782600402832
Epoch 1/1 - Utterance 70/95 - ID 58
0.0
Epoch 1/1 - Utterance 71/95 - ID 72
0.0
Epoch 1/1 - Utterance 72/95 - ID 64
0.0
Epoch 1/1 - Utterance 73/95 - ID 56
0.0
Epoch 1/1 - Utterance 74/95 - ID 7
0.0
Epoch 1/1 - Utterance 75/95 - ID 83
0.0
Epoch 1/1 - Utterance 76/95 - ID 5
-15.789474487304688
Epoch 1/1 - Utterance 77/95 - ID 47
0.0
Epoch 1/1 - Utterance 78/95 - ID 48
0.0
Epoch 1/1 - Utterance 79/95 - ID 16
0.0
Epoch 1/1 - Utterance 80/95 - ID 67
0.0
Epoch 1/1 - Utterance 81/95 - ID 86
0.0
Epoch 1/1 - Utterance 82/95 - ID 23
4.545454502105713
Epoch 1/1 - Utterance 83/95 - ID 62
0.0
Epoch 1/1 - Utterance 84/95 - ID 81
1.7857141494750977
Epoch 1/1 - Utterance 85/95 - ID 29
0.0
Epoch 1/1 - Utterance 86/95 - ID 14
3.0303030014038086
Epoch 1/1 - Utterance 87/95 - ID 93
0.0
Epoch 1/1 - Utterance 88/95 - ID 34
0.0
Epoch 1/1 - Utterance 89/95 - ID 6
0.0
Epoch 1/1 - Utterance 90/95 - ID 9
-2.380952835083008
Epoch 1/1 - Utterance 91/95 - ID 84
0.0
Epoch 1/1 - Utterance 92/95 - ID 0
2.941176414489746
Epoch 1/1 - Utterance 93/95 - ID 22
0.0
Epoch 1/1 - Utterance 94/95 - ID 3
0.0
Epoch 1/1 - Utterance 95/95 - ID 37
0.0
0.0927766732935719 0.08946322067594434 -
0.0927766732935719 0.08946322067594434
Index 3/11 - 2
--- MichaelSpecter_2010 ---
Original WER: 0.08963763509218055
Epoch 1/1 - Utterance 1/124 - ID 35
-6.25
Epoch 1/1 - Utterance 2/124 - ID 86
6.25
Epoch 1/1 - Utterance 3/124 - ID 49
0.0
Epoch 1/1 - Utterance 4/124 - ID 66
0.0
Epoch 1/1 - Utterance 5/124 - ID 90
-7.692307472229004
Epoch 1/1 - Utterance 6/124 - ID 61
-2.0408153533935547
Epoch 1/1 - Utterance 7/124 - ID 18
-12.5
Epoch 1/1 - Utterance 8/124 - ID 4
0.0
Epoch 1/1 - Utterance 9/124 - ID 85
0.0
Epoch 1/1 - Utterance 10/124 - ID 42
0.0
Epoch 1/1 - Utterance 11/124 - ID 19
0.0
Epoch 1/1 - Utterance 12/124 - ID 8
-3.225806713104248
Epoch 1/1 - Utterance 13/124 - ID 115
0.0
Epoch 1/1 - Utterance 14/124 - ID 26
0.0
Epoch 1/1 - Utterance 15/124 - ID 88
0.0
Epoch 1/1 - Utterance 16/124 - ID 122
0.0
Epoch 1/1 - Utterance 17/124 - ID 100
0.0
Epoch 1/1 - Utterance 18/124 - ID 24
6.060606002807617
Epoch 1/1 - Utterance 19/124 - ID 36
2.040816307067871
Epoch 1/1 - Utterance 20/124 - ID 87
-11.904762268066406
Epoch 1/1 - Utterance 21/124 - ID 40
0.0
Epoch 1/1 - Utterance 22/124 - ID 59
0.0
Epoch 1/1 - Utterance 23/124 - ID 21
0.0
Epoch 1/1 - Utterance 24/124 - ID 120
0.0
Epoch 1/1 - Utterance 25/124 - ID 44
-42.85714340209961
Epoch 1/1 - Utterance 26/124 - ID 57
2.17391300201416
Epoch 1/1 - Utterance 27/124 - ID 79
0.0
Epoch 1/1 - Utterance 28/124 - ID 28
0.0
Epoch 1/1 - Utterance 29/124 - ID 68
-4.1666669845581055
Epoch 1/1 - Utterance 30/124 - ID 80
0.0
Epoch 1/1 - Utterance 31/124 - ID 97
0.0
Epoch 1/1 - Utterance 32/124 - ID 104
0.0
Epoch 1/1 - Utterance 33/124 - ID 53
-8.0
Epoch 1/1 - Utterance 34/124 - ID 46
0.0
Epoch 1/1 - Utterance 35/124 - ID 117
5.263157844543457
Epoch 1/1 - Utterance 36/124 - ID 60
0.0
Epoch 1/1 - Utterance 37/124 - ID 17
4.0
Epoch 1/1 - Utterance 38/124 - ID 63
0.0
Epoch 1/1 - Utterance 39/124 - ID 45
0.0
Epoch 1/1 - Utterance 40/124 - ID 74
0.0
Epoch 1/1 - Utterance 41/124 - ID 39
0.0
Epoch 1/1 - Utterance 42/124 - ID 78
14.285714149475098
Epoch 1/1 - Utterance 43/124 - ID 50
-4.761904716491699
Epoch 1/1 - Utterance 44/124 - ID 33
0.0
Epoch 1/1 - Utterance 45/124 - ID 121
20.0
Epoch 1/1 - Utterance 46/124 - ID 96
0.0
Epoch 1/1 - Utterance 47/124 - ID 54
-2.857142448425293
Epoch 1/1 - Utterance 48/124 - ID 72
-4.166666507720947
Epoch 1/1 - Utterance 49/124 - ID 77
-6.451613426208496
Epoch 1/1 - Utterance 50/124 - ID 116
0.0
Epoch 1/1 - Utterance 51/124 - ID 15
0.0
Epoch 1/1 - Utterance 52/124 - ID 25
2.2727270126342773
Epoch 1/1 - Utterance 53/124 - ID 89
5.882352828979492
Epoch 1/1 - Utterance 54/124 - ID 83
0.0
Epoch 1/1 - Utterance 55/124 - ID 75
2.6315789222717285
Epoch 1/1 - Utterance 56/124 - ID 55
5.0
Epoch 1/1 - Utterance 57/124 - ID 112
0.0
Epoch 1/1 - Utterance 58/124 - ID 30
0.0
Epoch 1/1 - Utterance 59/124 - ID 106
0.0
Epoch 1/1 - Utterance 60/124 - ID 1
0.0
Epoch 1/1 - Utterance 61/124 - ID 2
-2.777777671813965
Epoch 1/1 - Utterance 62/124 - ID 92
0.0
Epoch 1/1 - Utterance 63/124 - ID 52
0.0
Epoch 1/1 - Utterance 64/124 - ID 51
7.692307472229004
Epoch 1/1 - Utterance 65/124 - ID 76
0.0
Epoch 1/1 - Utterance 66/124 - ID 27
0.0
Epoch 1/1 - Utterance 67/124 - ID 70
0.0
Epoch 1/1 - Utterance 68/124 - ID 107
-4.545454025268555
Epoch 1/1 - Utterance 69/124 - ID 69
0.0
Epoch 1/1 - Utterance 70/124 - ID 114
0.0
Epoch 1/1 - Utterance 71/124 - ID 109
0.0
Epoch 1/1 - Utterance 72/124 - ID 31
0.0
Epoch 1/1 - Utterance 73/124 - ID 32
0.0
Epoch 1/1 - Utterance 74/124 - ID 99
-7.142857551574707
Epoch 1/1 - Utterance 75/124 - ID 41
0.0
Epoch 1/1 - Utterance 76/124 - ID 65
0.0
Epoch 1/1 - Utterance 77/124 - ID 93
0.0
Epoch 1/1 - Utterance 78/124 - ID 38
-14.285714149475098
Epoch 1/1 - Utterance 79/124 - ID 73
0.0
Epoch 1/1 - Utterance 80/124 - ID 43
0.0
Epoch 1/1 - Utterance 81/124 - ID 118
0.0
Epoch 1/1 - Utterance 82/124 - ID 10
0.0
Epoch 1/1 - Utterance 83/124 - ID 11
9.09090805053711
Epoch 1/1 - Utterance 84/124 - ID 91
0.0
Epoch 1/1 - Utterance 85/124 - ID 12
4.0
Epoch 1/1 - Utterance 86/124 - ID 113
0.0
Epoch 1/1 - Utterance 87/124 - ID 13
-3.7037038803100586
Epoch 1/1 - Utterance 88/124 - ID 98
0.0
Epoch 1/1 - Utterance 89/124 - ID 71
0.0
Epoch 1/1 - Utterance 90/124 - ID 123
0.0
Epoch 1/1 - Utterance 91/124 - ID 20
0.0
Epoch 1/1 - Utterance 92/124 - ID 94
0.0
Epoch 1/1 - Utterance 93/124 - ID 58
0.0
Epoch 1/1 - Utterance 94/124 - ID 95
2.941176414489746
Epoch 1/1 - Utterance 95/124 - ID 64
0.0
Epoch 1/1 - Utterance 96/124 - ID 56
0.0
Epoch 1/1 - Utterance 97/124 - ID 7
-3.703704833984375
Epoch 1/1 - Utterance 98/124 - ID 105
0.0
Epoch 1/1 - Utterance 99/124 - ID 5
0.0
Epoch 1/1 - Utterance 100/124 - ID 47
0.0
Epoch 1/1 - Utterance 101/124 - ID 82
6.666666507720947
Epoch 1/1 - Utterance 102/124 - ID 48
-13.333333015441895
Epoch 1/1 - Utterance 103/124 - ID 16
0.0
Epoch 1/1 - Utterance 104/124 - ID 67
2.0833334922790527
Epoch 1/1 - Utterance 105/124 - ID 110
0.0
Epoch 1/1 - Utterance 106/124 - ID 23
5.405405521392822
Epoch 1/1 - Utterance 107/124 - ID 62
0.0
Epoch 1/1 - Utterance 108/124 - ID 81
-4.34782600402832
Epoch 1/1 - Utterance 109/124 - ID 29
0.0
Epoch 1/1 - Utterance 110/124 - ID 14
0.0
Epoch 1/1 - Utterance 111/124 - ID 119
0.0
Epoch 1/1 - Utterance 112/124 - ID 34
0.0
Epoch 1/1 - Utterance 113/124 - ID 6
0.0
Epoch 1/1 - Utterance 114/124 - ID 9
0.0
Epoch 1/1 - Utterance 115/124 - ID 111
2.7027034759521484
Epoch 1/1 - Utterance 116/124 - ID 84
0.0
Epoch 1/1 - Utterance 117/124 - ID 0
0.0
Epoch 1/1 - Utterance 118/124 - ID 22
0.0
Epoch 1/1 - Utterance 119/124 - ID 102
3.4482765197753906
Epoch 1/1 - Utterance 120/124 - ID 3
0.0
Epoch 1/1 - Utterance 121/124 - ID 37
0.0
Epoch 1/1 - Utterance 122/124 - ID 101
0.0
Epoch 1/1 - Utterance 123/124 - ID 108
0.0
Epoch 1/1 - Utterance 124/124 - ID 103
0.0
0.08963763509218055 0.0880483153210426 -
0.08963763509218055 0.0880483153210426
Index 4/11 - 3
--- JaneMcGonigal_2010 ---
Original WER: 0.065009065009065
Epoch 1/1 - Utterance 1/108 - ID 105
0.0
Epoch 1/1 - Utterance 2/108 - ID 26
-6.3829803466796875
Epoch 1/1 - Utterance 3/108 - ID 95
0.0
Epoch 1/1 - Utterance 4/108 - ID 74
-4.761904716491699
Epoch 1/1 - Utterance 5/108 - ID 46
8.333333969116211
Epoch 1/1 - Utterance 6/108 - ID 4
-20.0
Epoch 1/1 - Utterance 7/108 - ID 19
-3.225806713104248
Epoch 1/1 - Utterance 8/108 - ID 53
0.0
Epoch 1/1 - Utterance 9/108 - ID 107
0.0
Epoch 1/1 - Utterance 10/108 - ID 94
0.0
Epoch 1/1 - Utterance 11/108 - ID 40
0.0
Epoch 1/1 - Utterance 12/108 - ID 44
0.0
Epoch 1/1 - Utterance 13/108 - ID 36
0.0
Epoch 1/1 - Utterance 14/108 - ID 21
0.0
Epoch 1/1 - Utterance 15/108 - ID 61
0.0
Epoch 1/1 - Utterance 16/108 - ID 52
2.5641026496887207
Epoch 1/1 - Utterance 17/108 - ID 41
0.0
Epoch 1/1 - Utterance 18/108 - ID 35
0.0
Epoch 1/1 - Utterance 19/108 - ID 31
0.0
Epoch 1/1 - Utterance 20/108 - ID 57
0.0
Epoch 1/1 - Utterance 21/108 - ID 60
-6.25
Epoch 1/1 - Utterance 22/108 - ID 90
1.2820510864257812
Epoch 1/1 - Utterance 23/108 - ID 50
1.3698630332946777
Epoch 1/1 - Utterance 24/108 - ID 68
0.0
Epoch 1/1 - Utterance 25/108 - ID 59
-2.941176414489746
Epoch 1/1 - Utterance 26/108 - ID 87
0.0
Epoch 1/1 - Utterance 27/108 - ID 18
2.127659559249878
Epoch 1/1 - Utterance 28/108 - ID 24
0.0
Epoch 1/1 - Utterance 29/108 - ID 8
0.0
Epoch 1/1 - Utterance 30/108 - ID 70
0.0
Epoch 1/1 - Utterance 31/108 - ID 78
0.0
Epoch 1/1 - Utterance 32/108 - ID 97
3.7037036418914795
Epoch 1/1 - Utterance 33/108 - ID 69
0.0
Epoch 1/1 - Utterance 34/108 - ID 33
0.0
Epoch 1/1 - Utterance 35/108 - ID 51
1.9607844352722168
Epoch 1/1 - Utterance 36/108 - ID 42
2.7027015686035156
Epoch 1/1 - Utterance 37/108 - ID 92
0.0
Epoch 1/1 - Utterance 38/108 - ID 106
0.0
Epoch 1/1 - Utterance 39/108 - ID 63
0.0
Epoch 1/1 - Utterance 40/108 - ID 85
0.0
Epoch 1/1 - Utterance 41/108 - ID 75
0.0
Epoch 1/1 - Utterance 42/108 - ID 65
-3.4482758045196533
Epoch 1/1 - Utterance 43/108 - ID 27
0.0
Epoch 1/1 - Utterance 44/108 - ID 98
0.0
Epoch 1/1 - Utterance 45/108 - ID 30
0.0
Epoch 1/1 - Utterance 46/108 - ID 1
0.0
Epoch 1/1 - Utterance 47/108 - ID 2
0.0
Epoch 1/1 - Utterance 48/108 - ID 25
0.0
Epoch 1/1 - Utterance 49/108 - ID 45
-27.272727966308594
Epoch 1/1 - Utterance 50/108 - ID 28
0.0
Epoch 1/1 - Utterance 51/108 - ID 72
-9.090909004211426
Epoch 1/1 - Utterance 52/108 - ID 55
1.7857143878936768
Epoch 1/1 - Utterance 53/108 - ID 73
0.0
Epoch 1/1 - Utterance 54/108 - ID 54
0.0
Epoch 1/1 - Utterance 55/108 - ID 17
0.0
Epoch 1/1 - Utterance 56/108 - ID 86
-5.128205299377441
Epoch 1/1 - Utterance 57/108 - ID 15
0.0
Epoch 1/1 - Utterance 58/108 - ID 66
3.8461532592773438
Epoch 1/1 - Utterance 59/108 - ID 83
0.0
Epoch 1/1 - Utterance 60/108 - ID 76
0.0
Epoch 1/1 - Utterance 61/108 - ID 39
0.0
Epoch 1/1 - Utterance 62/108 - ID 49
0.0
Epoch 1/1 - Utterance 63/108 - ID 32
-2.0833332538604736
Epoch 1/1 - Utterance 64/108 - ID 79
0.0
Epoch 1/1 - Utterance 65/108 - ID 38
-2.3255815505981445
Epoch 1/1 - Utterance 66/108 - ID 43
0.0
Epoch 1/1 - Utterance 67/108 - ID 88
0.0
Epoch 1/1 - Utterance 68/108 - ID 10
0.0
Epoch 1/1 - Utterance 69/108 - ID 11
0.0
Epoch 1/1 - Utterance 70/108 - ID 77
0.0
Epoch 1/1 - Utterance 71/108 - ID 12
0.0
Epoch 1/1 - Utterance 72/108 - ID 99
0.0
Epoch 1/1 - Utterance 73/108 - ID 13
0.0
Epoch 1/1 - Utterance 74/108 - ID 100
0.0
Epoch 1/1 - Utterance 75/108 - ID 71
0.0
Epoch 1/1 - Utterance 76/108 - ID 89
-4.761904716491699
Epoch 1/1 - Utterance 77/108 - ID 20
0.0
Epoch 1/1 - Utterance 78/108 - ID 80
0.0
Epoch 1/1 - Utterance 79/108 - ID 58
3.5714282989501953
Epoch 1/1 - Utterance 80/108 - ID 93
0.0
Epoch 1/1 - Utterance 81/108 - ID 64
0.0
Epoch 1/1 - Utterance 82/108 - ID 56
0.0
Epoch 1/1 - Utterance 83/108 - ID 7
0.0
Epoch 1/1 - Utterance 84/108 - ID 91
0.0
Epoch 1/1 - Utterance 85/108 - ID 5
0.0
Epoch 1/1 - Utterance 86/108 - ID 47
0.0
Epoch 1/1 - Utterance 87/108 - ID 82
0.0
Epoch 1/1 - Utterance 88/108 - ID 48
0.0
Epoch 1/1 - Utterance 89/108 - ID 16
0.0
Epoch 1/1 - Utterance 90/108 - ID 67
0.0
Epoch 1/1 - Utterance 91/108 - ID 96
-3.22580623626709
Epoch 1/1 - Utterance 92/108 - ID 23
0.0
Epoch 1/1 - Utterance 93/108 - ID 62
0.0
Epoch 1/1 - Utterance 94/108 - ID 81
0.0
Epoch 1/1 - Utterance 95/108 - ID 29
0.0
Epoch 1/1 - Utterance 96/108 - ID 14
0.0
Epoch 1/1 - Utterance 97/108 - ID 104
0.0
Epoch 1/1 - Utterance 98/108 - ID 34
4.166667938232422
Epoch 1/1 - Utterance 99/108 - ID 6
0.0
Epoch 1/1 - Utterance 100/108 - ID 9
0.0
Epoch 1/1 - Utterance 101/108 - ID 84
3.125
Epoch 1/1 - Utterance 102/108 - ID 0
0.0
Epoch 1/1 - Utterance 103/108 - ID 22
0.0
Epoch 1/1 - Utterance 104/108 - ID 102
0.0
Epoch 1/1 - Utterance 105/108 - ID 3
0.0
Epoch 1/1 - Utterance 106/108 - ID 37
0.0
Epoch 1/1 - Utterance 107/108 - ID 101
0.0
Epoch 1/1 - Utterance 108/108 - ID 103
0.0
0.065009065009065 0.06293706293706294 -
0.065009065009065 0.06293706293706294
Index 5/11 - 4
--- GaryFlake_2010 ---
Original WER: 0.08003518029903255
Epoch 1/1 - Utterance 1/35 - ID 6
0.0
Epoch 1/1 - Utterance 2/35 - ID 25
0.0
Epoch 1/1 - Utterance 3/35 - ID 9
0.0
Epoch 1/1 - Utterance 4/35 - ID 26
-2.0
Epoch 1/1 - Utterance 5/35 - ID 32
0.0
Epoch 1/1 - Utterance 6/35 - ID 23
4.44444465637207
Epoch 1/1 - Utterance 7/35 - ID 17
0.0
Epoch 1/1 - Utterance 8/35 - ID 22
0.0
Epoch 1/1 - Utterance 9/35 - ID 14
0.0
Epoch 1/1 - Utterance 10/35 - ID 28
0.0
Epoch 1/1 - Utterance 11/35 - ID 34
-4.651163101196289
Epoch 1/1 - Utterance 12/35 - ID 19
0.0
Epoch 1/1 - Utterance 13/35 - ID 30
0.0
Epoch 1/1 - Utterance 14/35 - ID 10
0.0
Epoch 1/1 - Utterance 15/35 - ID 13
1.1111106872558594
Epoch 1/1 - Utterance 16/35 - ID 12
0.0
Epoch 1/1 - Utterance 17/35 - ID 4
0.0
Epoch 1/1 - Utterance 18/35 - ID 16
0.0
Epoch 1/1 - Utterance 19/35 - ID 24
-2.0833332538604736
Epoch 1/1 - Utterance 20/35 - ID 5
4.34782600402832
Epoch 1/1 - Utterance 21/35 - ID 15
4.0
Epoch 1/1 - Utterance 22/35 - ID 20
0.0
Epoch 1/1 - Utterance 23/35 - ID 7
0.0
Epoch 1/1 - Utterance 24/35 - ID 3
0.0
Epoch 1/1 - Utterance 25/35 - ID 31
4.1666669845581055
Epoch 1/1 - Utterance 26/35 - ID 8
0.0
Epoch 1/1 - Utterance 27/35 - ID 33
-2.127659797668457
Epoch 1/1 - Utterance 28/35 - ID 2
0.0
Epoch 1/1 - Utterance 29/35 - ID 27
0.0
Epoch 1/1 - Utterance 30/35 - ID 21
0.0
Epoch 1/1 - Utterance 31/35 - ID 29
-2.8571414947509766
Epoch 1/1 - Utterance 32/35 - ID 0
0.0
Epoch 1/1 - Utterance 33/35 - ID 11
-4.878049850463867
Epoch 1/1 - Utterance 34/35 - ID 1
-4.444444179534912
Epoch 1/1 - Utterance 35/35 - ID 18
-16.66666603088379
0.08003518029903255 0.07651715039577836 -
0.08003518029903255 0.07651715039577836
Index 6/11 - 5
--- RobertGupta_2010U ---
Original WER: 0.12641083521444696
Epoch 1/1 - Utterance 1/38 - ID 23
0.0
Epoch 1/1 - Utterance 2/38 - ID 10
0.0
Epoch 1/1 - Utterance 3/38 - ID 29
0.0
Epoch 1/1 - Utterance 4/38 - ID 22
0.0
Epoch 1/1 - Utterance 5/38 - ID 31
-17.647058486938477
Epoch 1/1 - Utterance 6/38 - ID 6
-2.0
Epoch 1/1 - Utterance 7/38 - ID 21
-26.66666603088379
Epoch 1/1 - Utterance 8/38 - ID 24
0.0
Epoch 1/1 - Utterance 9/38 - ID 9
0.0
Epoch 1/1 - Utterance 10/38 - ID 19
-25.0
Epoch 1/1 - Utterance 11/38 - ID 2
-13.333333969116211
Epoch 1/1 - Utterance 12/38 - ID 26
-50.0
Epoch 1/1 - Utterance 13/38 - ID 13
-18.181819915771484
Epoch 1/1 - Utterance 14/38 - ID 28
-33.333335876464844
Epoch 1/1 - Utterance 15/38 - ID 8
-3.7974681854248047
Epoch 1/1 - Utterance 16/38 - ID 14
-2.127659797668457
Epoch 1/1 - Utterance 17/38 - ID 37
13.333333969116211
Epoch 1/1 - Utterance 18/38 - ID 25
-15.0
Epoch 1/1 - Utterance 19/38 - ID 36
0.0
Epoch 1/1 - Utterance 20/38 - ID 35
33.33333206176758
Epoch 1/1 - Utterance 21/38 - ID 27
0.0
Epoch 1/1 - Utterance 22/38 - ID 12
-24.0
Epoch 1/1 - Utterance 23/38 - ID 33
-4.34782600402832
Epoch 1/1 - Utterance 24/38 - ID 16
20.0
Epoch 1/1 - Utterance 25/38 - ID 30
0.0
Epoch 1/1 - Utterance 26/38 - ID 5
-57.14285659790039
Epoch 1/1 - Utterance 27/38 - ID 15
-19.230770111083984
Epoch 1/1 - Utterance 28/38 - ID 20
-33.33333206176758
Epoch 1/1 - Utterance 29/38 - ID 7
-13.333332061767578
Epoch 1/1 - Utterance 30/38 - ID 32
0.0
Epoch 1/1 - Utterance 31/38 - ID 34
-58.064517974853516
Epoch 1/1 - Utterance 32/38 - ID 17
-10.714285850524902
Epoch 1/1 - Utterance 33/38 - ID 3
0.0
Epoch 1/1 - Utterance 34/38 - ID 4
0.0
Epoch 1/1 - Utterance 35/38 - ID 0
5.0
Epoch 1/1 - Utterance 36/38 - ID 11
0.0
Epoch 1/1 - Utterance 37/38 - ID 1
0.0
Epoch 1/1 - Utterance 38/38 - ID 18
-9.090909004211426
0.12641083521444696 0.12415349887133183 -
0.12641083521444696 0.12415349887133183
Index 7/11 - 6
--- DanBarber_2010 ---
Original WER: 0.14563106796116504
Epoch 1/1 - Utterance 1/236 - ID 186
0.0
Epoch 1/1 - Utterance 2/236 - ID 70
40.0
Epoch 1/1 - Utterance 3/236 - ID 114
0.0
Epoch 1/1 - Utterance 4/236 - ID 105
0.0
Epoch 1/1 - Utterance 5/236 - ID 228
0.0
Epoch 1/1 - Utterance 6/236 - ID 45
-22.22222137451172
Epoch 1/1 - Utterance 7/236 - ID 158
8.333333015441895
Epoch 1/1 - Utterance 8/236 - ID 75
0.0
Epoch 1/1 - Utterance 9/236 - ID 146
-35.29411697387695
Epoch 1/1 - Utterance 10/236 - ID 59
0.0
Epoch 1/1 - Utterance 11/236 - ID 140
-40.0
Epoch 1/1 - Utterance 12/236 - ID 126
0.0
Epoch 1/1 - Utterance 13/236 - ID 151
0.0
Epoch 1/1 - Utterance 14/236 - ID 43
0.0
Epoch 1/1 - Utterance 15/236 - ID 198
0.0
Epoch 1/1 - Utterance 16/236 - ID 39
0.0
Epoch 1/1 - Utterance 17/236 - ID 152
0.0
Epoch 1/1 - Utterance 18/236 - ID 1
0.0
Epoch 1/1 - Utterance 19/236 - ID 176
0.0
Epoch 1/1 - Utterance 20/236 - ID 122
0.0
Epoch 1/1 - Utterance 21/236 - ID 72
20.0
Epoch 1/1 - Utterance 22/236 - ID 32
0.0
Epoch 1/1 - Utterance 23/236 - ID 195
0.0
Epoch 1/1 - Utterance 24/236 - ID 99
0.0
Epoch 1/1 - Utterance 25/236 - ID 38
-11.11111068725586
Epoch 1/1 - Utterance 26/236 - ID 144
-16.66666603088379
Epoch 1/1 - Utterance 27/236 - ID 182
-5.55555534362793
Epoch 1/1 - Utterance 28/236 - ID 212
0.0
Epoch 1/1 - Utterance 29/236 - ID 184
0.0
Epoch 1/1 - Utterance 30/236 - ID 179
0.0
Epoch 1/1 - Utterance 31/236 - ID 65
0.0
Epoch 1/1 - Utterance 32/236 - ID 67
0.0
Epoch 1/1 - Utterance 33/236 - ID 35
0.0
Epoch 1/1 - Utterance 34/236 - ID 161
-16.66666603088379
Epoch 1/1 - Utterance 35/236 - ID 172
0.0
Epoch 1/1 - Utterance 36/236 - ID 98
0.0
Epoch 1/1 - Utterance 37/236 - ID 79
0.0
Epoch 1/1 - Utterance 38/236 - ID 50
0.0
Epoch 1/1 - Utterance 39/236 - ID 192
33.33333206176758
Epoch 1/1 - Utterance 40/236 - ID 157
9.090909957885742
Epoch 1/1 - Utterance 41/236 - ID 78
11.11111068725586
Epoch 1/1 - Utterance 42/236 - ID 117
0.0
Epoch 1/1 - Utterance 43/236 - ID 167
0.0
Epoch 1/1 - Utterance 44/236 - ID 207
0.0
Epoch 1/1 - Utterance 45/236 - ID 109
0.0
Epoch 1/1 - Utterance 46/236 - ID 141
-10.526315689086914
Epoch 1/1 - Utterance 47/236 - ID 23
-3.8461551666259766
Epoch 1/1 - Utterance 48/236 - ID 219
0.0
Epoch 1/1 - Utterance 49/236 - ID 120
0.0
Epoch 1/1 - Utterance 50/236 - ID 229
0.0
Epoch 1/1 - Utterance 51/236 - ID 125
0.0
Epoch 1/1 - Utterance 52/236 - ID 106
0.0
Epoch 1/1 - Utterance 53/236 - ID 89
-14.285714149475098
Epoch 1/1 - Utterance 54/236 - ID 81
0.0
Epoch 1/1 - Utterance 55/236 - ID 111
0.0
Epoch 1/1 - Utterance 56/236 - ID 138
0.0
Epoch 1/1 - Utterance 57/236 - ID 136
0.0
Epoch 1/1 - Utterance 58/236 - ID 56
0.0
Epoch 1/1 - Utterance 59/236 - ID 222
-20.0
Epoch 1/1 - Utterance 60/236 - ID 208
12.5
Epoch 1/1 - Utterance 61/236 - ID 61
-20.0
Epoch 1/1 - Utterance 62/236 - ID 177
0.0
Epoch 1/1 - Utterance 63/236 - ID 85
-92.85713958740234
Epoch 1/1 - Utterance 64/236 - ID 160
0.0
Epoch 1/1 - Utterance 65/236 - ID 115
0.0
Epoch 1/1 - Utterance 66/236 - ID 149
0.0
Epoch 1/1 - Utterance 67/236 - ID 168
0.0
Epoch 1/1 - Utterance 68/236 - ID 205
-11.11111068725586
Epoch 1/1 - Utterance 69/236 - ID 119
0.0
Epoch 1/1 - Utterance 70/236 - ID 209
0.0
Epoch 1/1 - Utterance 71/236 - ID 142
0.0
Epoch 1/1 - Utterance 72/236 - ID 174
-25.0
Epoch 1/1 - Utterance 73/236 - ID 92
0.0
Epoch 1/1 - Utterance 74/236 - ID 97
0.0
Epoch 1/1 - Utterance 75/236 - ID 202
12.5
Epoch 1/1 - Utterance 76/236 - ID 145
0.0
Epoch 1/1 - Utterance 77/236 - ID 118
0.0
Epoch 1/1 - Utterance 78/236 - ID 224
22.22222137451172
Epoch 1/1 - Utterance 79/236 - ID 8
0.0
Epoch 1/1 - Utterance 80/236 - ID 14
0.0
Epoch 1/1 - Utterance 81/236 - ID 104
0.0
Epoch 1/1 - Utterance 82/236 - ID 227
0.0
Epoch 1/1 - Utterance 83/236 - ID 234
0.0
Epoch 1/1 - Utterance 84/236 - ID 218
18.18181800842285
Epoch 1/1 - Utterance 85/236 - ID 153
0.0
Epoch 1/1 - Utterance 86/236 - ID 101
10.0
Epoch 1/1 - Utterance 87/236 - ID 189
0.0
Epoch 1/1 - Utterance 88/236 - ID 148
0.0
Epoch 1/1 - Utterance 89/236 - ID 84
0.0
Epoch 1/1 - Utterance 90/236 - ID 150
-5.882352828979492
Epoch 1/1 - Utterance 91/236 - ID 73
0.0
Epoch 1/1 - Utterance 92/236 - ID 21
0.0
Epoch 1/1 - Utterance 93/236 - ID 139
0.0
Epoch 1/1 - Utterance 94/236 - ID 175
-11.11111068725586
Epoch 1/1 - Utterance 95/236 - ID 127
20.0
Epoch 1/1 - Utterance 96/236 - ID 77
0.0
Epoch 1/1 - Utterance 97/236 - ID 57
0.0
Epoch 1/1 - Utterance 98/236 - ID 181
0.0
Epoch 1/1 - Utterance 99/236 - ID 232
0.0
Epoch 1/1 - Utterance 100/236 - ID 3
-14.285714149475098
Epoch 1/1 - Utterance 101/236 - ID 41
0.0
Epoch 1/1 - Utterance 102/236 - ID 211
0.0
Epoch 1/1 - Utterance 103/236 - ID 31
0.0
Epoch 1/1 - Utterance 104/236 - ID 164
0.0
Epoch 1/1 - Utterance 105/236 - ID 34
0.0
Epoch 1/1 - Utterance 106/236 - ID 37
-28.571430206298828
Epoch 1/1 - Utterance 107/236 - ID 235
0.0
Epoch 1/1 - Utterance 108/236 - ID 107
14.285714149475098
Epoch 1/1 - Utterance 109/236 - ID 52
0.0
Epoch 1/1 - Utterance 110/236 - ID 88
0.0
Epoch 1/1 - Utterance 111/236 - ID 17
-14.285714149475098
Epoch 1/1 - Utterance 112/236 - ID 87
0.0
Epoch 1/1 - Utterance 113/236 - ID 49
0.0
Epoch 1/1 - Utterance 114/236 - ID 132
0.0
Epoch 1/1 - Utterance 115/236 - ID 5
0.0
Epoch 1/1 - Utterance 116/236 - ID 173
0.0
Epoch 1/1 - Utterance 117/236 - ID 48
0.0
Epoch 1/1 - Utterance 118/236 - ID 80
0.0
Epoch 1/1 - Utterance 119/236 - ID 82
-16.66666603088379
Epoch 1/1 - Utterance 120/236 - ID 66
0.0
Epoch 1/1 - Utterance 121/236 - ID 191
0.0
Epoch 1/1 - Utterance 122/236 - ID 121
0.0
Epoch 1/1 - Utterance 123/236 - ID 36
0.0
Epoch 1/1 - Utterance 124/236 - ID 91
0.0
Epoch 1/1 - Utterance 125/236 - ID 156
0.0
Epoch 1/1 - Utterance 126/236 - ID 199
-7.142857551574707
Epoch 1/1 - Utterance 127/236 - ID 53
0.0
Epoch 1/1 - Utterance 128/236 - ID 16
20.0
Epoch 1/1 - Utterance 129/236 - ID 213
0.0
Epoch 1/1 - Utterance 130/236 - ID 180
0.0
Epoch 1/1 - Utterance 131/236 - ID 188
0.0
Epoch 1/1 - Utterance 132/236 - ID 193
0.0
Epoch 1/1 - Utterance 133/236 - ID 18
4.545454025268555
Epoch 1/1 - Utterance 134/236 - ID 51
-100.0
Epoch 1/1 - Utterance 135/236 - ID 93
0.0
Epoch 1/1 - Utterance 136/236 - ID 95
0.0
Epoch 1/1 - Utterance 137/236 - ID 220
0.0
Epoch 1/1 - Utterance 138/236 - ID 137
0.0
Epoch 1/1 - Utterance 139/236 - ID 217
-8.333333015441895
Epoch 1/1 - Utterance 140/236 - ID 55
0.0
Epoch 1/1 - Utterance 141/236 - ID 170
0.0
Epoch 1/1 - Utterance 142/236 - ID 60
0.0
Epoch 1/1 - Utterance 143/236 - ID 215
0.0
Epoch 1/1 - Utterance 144/236 - ID 12
0.0
Epoch 1/1 - Utterance 145/236 - ID 194
0.0
Epoch 1/1 - Utterance 146/236 - ID 166
0.0
Epoch 1/1 - Utterance 147/236 - ID 90
0.0
Epoch 1/1 - Utterance 148/236 - ID 197
0.0
Epoch 1/1 - Utterance 149/236 - ID 187
11.11111068725586
Epoch 1/1 - Utterance 150/236 - ID 71
28.571428298950195
Epoch 1/1 - Utterance 151/236 - ID 100
-5.0
Epoch 1/1 - Utterance 152/236 - ID 221
0.0
Epoch 1/1 - Utterance 153/236 - ID 183
0.0
Epoch 1/1 - Utterance 154/236 - ID 201
0.0
Epoch 1/1 - Utterance 155/236 - ID 162
0.0
Epoch 1/1 - Utterance 156/236 - ID 133
0.0
Epoch 1/1 - Utterance 157/236 - ID 155
0.0
Epoch 1/1 - Utterance 158/236 - ID 30
0.0
Epoch 1/1 - Utterance 159/236 - ID 110
0.0
Epoch 1/1 - Utterance 160/236 - ID 130
0.0
Epoch 1/1 - Utterance 161/236 - ID 154
0.0
Epoch 1/1 - Utterance 162/236 - ID 2
0.0
Epoch 1/1 - Utterance 163/236 - ID 63
10.0
Epoch 1/1 - Utterance 164/236 - ID 103
0.0
Epoch 1/1 - Utterance 165/236 - ID 42
0.0
Epoch 1/1 - Utterance 166/236 - ID 25
0.0
Epoch 1/1 - Utterance 167/236 - ID 108
0.0
Epoch 1/1 - Utterance 168/236 - ID 26
7.692307472229004
Epoch 1/1 - Utterance 169/236 - ID 123
-9.09090805053711
Epoch 1/1 - Utterance 170/236 - ID 4
0.0
Epoch 1/1 - Utterance 171/236 - ID 9
0.0
Epoch 1/1 - Utterance 172/236 - ID 102
0.0
Epoch 1/1 - Utterance 173/236 - ID 185
0.0
Epoch 1/1 - Utterance 174/236 - ID 54
0.0
Epoch 1/1 - Utterance 175/236 - ID 178
-10.526315689086914
Epoch 1/1 - Utterance 176/236 - ID 190
0.0
Epoch 1/1 - Utterance 177/236 - ID 226
0.0
Epoch 1/1 - Utterance 178/236 - ID 69
0.0
Epoch 1/1 - Utterance 179/236 - ID 28
0.0
Epoch 1/1 - Utterance 180/236 - ID 62
0.0
Epoch 1/1 - Utterance 181/236 - ID 64
0.0
Epoch 1/1 - Utterance 182/236 - ID 210
0.0
Epoch 1/1 - Utterance 183/236 - ID 83
0.0
Epoch 1/1 - Utterance 184/236 - ID 159
0.0
Epoch 1/1 - Utterance 185/236 - ID 131
0.0
Epoch 1/1 - Utterance 186/236 - ID 233
10.0
Epoch 1/1 - Utterance 187/236 - ID 76
11.11111068725586
Epoch 1/1 - Utterance 188/236 - ID 147
0.0
Epoch 1/1 - Utterance 189/236 - ID 86
0.0
Epoch 1/1 - Utterance 190/236 - ID 214
16.66666603088379
Epoch 1/1 - Utterance 191/236 - ID 20
0.0
Epoch 1/1 - Utterance 192/236 - ID 22
0.0
Epoch 1/1 - Utterance 193/236 - ID 171
0.0
Epoch 1/1 - Utterance 194/236 - ID 230
0.0
Epoch 1/1 - Utterance 195/236 - ID 24
0.0
Epoch 1/1 - Utterance 196/236 - ID 225
-20.0
Epoch 1/1 - Utterance 197/236 - ID 27
0.0
Epoch 1/1 - Utterance 198/236 - ID 11
0.0
Epoch 1/1 - Utterance 199/236 - ID 143
0.0
Epoch 1/1 - Utterance 200/236 - ID 134
0.0
Epoch 1/1 - Utterance 201/236 - ID 40
0.0
Epoch 1/1 - Utterance 202/236 - ID 129
0.0
Epoch 1/1 - Utterance 203/236 - ID 116
0.0
Epoch 1/1 - Utterance 204/236 - ID 113
0.0
Epoch 1/1 - Utterance 205/236 - ID 128
0.0
Epoch 1/1 - Utterance 206/236 - ID 112
-7.142856597900391
Epoch 1/1 - Utterance 207/236 - ID 15
-9.090909004211426
Epoch 1/1 - Utterance 208/236 - ID 196
0.0
Epoch 1/1 - Utterance 209/236 - ID 46
0.0
Epoch 1/1 - Utterance 210/236 - ID 10
0.0
Epoch 1/1 - Utterance 211/236 - ID 94
0.0
Epoch 1/1 - Utterance 212/236 - ID 200
0.0
Epoch 1/1 - Utterance 213/236 - ID 165
0.0
Epoch 1/1 - Utterance 214/236 - ID 96
0.0
Epoch 1/1 - Utterance 215/236 - ID 33
0.0
Epoch 1/1 - Utterance 216/236 - ID 135
0.0
Epoch 1/1 - Utterance 217/236 - ID 6
0.0
Epoch 1/1 - Utterance 218/236 - ID 47
0.0
Epoch 1/1 - Utterance 219/236 - ID 124
0.0
Epoch 1/1 - Utterance 220/236 - ID 163
0.0
Epoch 1/1 - Utterance 221/236 - ID 58
0.0
Epoch 1/1 - Utterance 222/236 - ID 29
0.0
Epoch 1/1 - Utterance 223/236 - ID 231
0.0
Epoch 1/1 - Utterance 224/236 - ID 68
0.0
Epoch 1/1 - Utterance 225/236 - ID 13
0.0
Epoch 1/1 - Utterance 226/236 - ID 19
-11.11111068725586
Epoch 1/1 - Utterance 227/236 - ID 223
0.0
Epoch 1/1 - Utterance 228/236 - ID 169
0.0
Epoch 1/1 - Utterance 229/236 - ID 0
0.0
Epoch 1/1 - Utterance 230/236 - ID 44
0.0
Epoch 1/1 - Utterance 231/236 - ID 204
50.0
Epoch 1/1 - Utterance 232/236 - ID 7
0.0
Epoch 1/1 - Utterance 233/236 - ID 74
0.0
Epoch 1/1 - Utterance 234/236 - ID 203
0.0
Epoch 1/1 - Utterance 235/236 - ID 216
0.0
Epoch 1/1 - Utterance 236/236 - ID 206
0.0
0.14563106796116504 0.1395631067961165 -
0.14563106796116504 0.1395631067961165
Index 8/11 - 7
--- DanielKahneman_2010 ---
Original WER: 0.09772798008092126
Epoch 1/1 - Utterance 1/138 - ID 53
-13.333333969116211
Epoch 1/1 - Utterance 2/138 - ID 24
-7.69230842590332
Epoch 1/1 - Utterance 3/138 - ID 52
0.0
Epoch 1/1 - Utterance 4/138 - ID 101
0.0
Epoch 1/1 - Utterance 5/138 - ID 35
0.0
Epoch 1/1 - Utterance 6/138 - ID 42
-2.857142448425293
Epoch 1/1 - Utterance 7/138 - ID 88
2.3809523582458496
Epoch 1/1 - Utterance 8/138 - ID 134
-8.0
Epoch 1/1 - Utterance 9/138 - ID 99
-14.285714149475098
Epoch 1/1 - Utterance 10/138 - ID 92
-7.142857551574707
Epoch 1/1 - Utterance 11/138 - ID 70
0.0
Epoch 1/1 - Utterance 12/138 - ID 86
0.0
Epoch 1/1 - Utterance 13/138 - ID 26
0.0
Epoch 1/1 - Utterance 14/138 - ID 66
-4.34782600402832
Epoch 1/1 - Utterance 15/138 - ID 37
7.692307472229004
Epoch 1/1 - Utterance 16/138 - ID 28
0.0
Epoch 1/1 - Utterance 17/138 - ID 62
-14.814813613891602
Epoch 1/1 - Utterance 18/138 - ID 57
-5.405405044555664
Epoch 1/1 - Utterance 19/138 - ID 97
0.0
Epoch 1/1 - Utterance 20/138 - ID 133
-9.090909004211426
Epoch 1/1 - Utterance 21/138 - ID 104
0.0
Epoch 1/1 - Utterance 22/138 - ID 30
0.0
Epoch 1/1 - Utterance 23/138 - ID 18
0.0
Epoch 1/1 - Utterance 24/138 - ID 8
0.0
Epoch 1/1 - Utterance 25/138 - ID 129
0.0
Epoch 1/1 - Utterance 26/138 - ID 131
-5.263157844543457
Epoch 1/1 - Utterance 27/138 - ID 49
5.88235330581665
Epoch 1/1 - Utterance 28/138 - ID 87
0.0
Epoch 1/1 - Utterance 29/138 - ID 45
0.0
Epoch 1/1 - Utterance 30/138 - ID 93
-6.666666507720947
Epoch 1/1 - Utterance 31/138 - ID 50
0.0
Epoch 1/1 - Utterance 32/138 - ID 137
25.0
Epoch 1/1 - Utterance 33/138 - ID 69
0.0
Epoch 1/1 - Utterance 34/138 - ID 119
0.0
Epoch 1/1 - Utterance 35/138 - ID 112
0.0
Epoch 1/1 - Utterance 36/138 - ID 78
-4.545454502105713
Epoch 1/1 - Utterance 37/138 - ID 80
0.0
Epoch 1/1 - Utterance 38/138 - ID 95
0.0
Epoch 1/1 - Utterance 39/138 - ID 102
0.0
Epoch 1/1 - Utterance 40/138 - ID 60
0.0
Epoch 1/1 - Utterance 41/138 - ID 59
0.0
Epoch 1/1 - Utterance 42/138 - ID 72
-10.0
Epoch 1/1 - Utterance 43/138 - ID 123
0.0
Epoch 1/1 - Utterance 44/138 - ID 6
0.0
Epoch 1/1 - Utterance 45/138 - ID 77
0.0
Epoch 1/1 - Utterance 46/138 - ID 22
0.0
Epoch 1/1 - Utterance 47/138 - ID 40
-3.448275566101074
Epoch 1/1 - Utterance 48/138 - ID 91
5.405405521392822
Epoch 1/1 - Utterance 49/138 - ID 36
0.0
Epoch 1/1 - Utterance 50/138 - ID 17
0.0
Epoch 1/1 - Utterance 51/138 - ID 25
-14.285714149475098
Epoch 1/1 - Utterance 52/138 - ID 96
0.0
Epoch 1/1 - Utterance 53/138 - ID 110
0.0
Epoch 1/1 - Utterance 54/138 - ID 46
0.0
Epoch 1/1 - Utterance 55/138 - ID 135
0.0
Epoch 1/1 - Utterance 56/138 - ID 106
0.0
Epoch 1/1 - Utterance 57/138 - ID 103
0.0
Epoch 1/1 - Utterance 58/138 - ID 39
2.3809523582458496
Epoch 1/1 - Utterance 59/138 - ID 84
0.0
Epoch 1/1 - Utterance 60/138 - ID 63
0.0
Epoch 1/1 - Utterance 61/138 - ID 76
0.0
Epoch 1/1 - Utterance 62/138 - ID 33
0.0
Epoch 1/1 - Utterance 63/138 - ID 90
2.5
Epoch 1/1 - Utterance 64/138 - ID 15
0.0
Epoch 1/1 - Utterance 65/138 - ID 55
0.0
Epoch 1/1 - Utterance 66/138 - ID 1
-10.526315689086914
Epoch 1/1 - Utterance 67/138 - ID 83
0.0
Epoch 1/1 - Utterance 68/138 - ID 75
-3.125
Epoch 1/1 - Utterance 69/138 - ID 21
0.0
Epoch 1/1 - Utterance 70/138 - ID 118
-2.702702522277832
Epoch 1/1 - Utterance 71/138 - ID 54
7.407407283782959
Epoch 1/1 - Utterance 72/138 - ID 121
0.0
Epoch 1/1 - Utterance 73/138 - ID 61
4.0
Epoch 1/1 - Utterance 74/138 - ID 2
0.0
Epoch 1/1 - Utterance 75/138 - ID 4
-3.8461532592773438
Epoch 1/1 - Utterance 76/138 - ID 51
0.0
Epoch 1/1 - Utterance 77/138 - ID 89
-3.3333330154418945
Epoch 1/1 - Utterance 78/138 - ID 27
-20.0
Epoch 1/1 - Utterance 79/138 - ID 127
-5.882352828979492
Epoch 1/1 - Utterance 80/138 - ID 94
0.0
Epoch 1/1 - Utterance 81/138 - ID 81
2.857142448425293
Epoch 1/1 - Utterance 82/138 - ID 34
0.0
Epoch 1/1 - Utterance 83/138 - ID 14
0.0
Epoch 1/1 - Utterance 84/138 - ID 31
0.0
Epoch 1/1 - Utterance 85/138 - ID 32
-4.0
Epoch 1/1 - Utterance 86/138 - ID 126
0.0
Epoch 1/1 - Utterance 87/138 - ID 41
-4.44444465637207
Epoch 1/1 - Utterance 88/138 - ID 79
0.0
Epoch 1/1 - Utterance 89/138 - ID 65
0.0
Epoch 1/1 - Utterance 90/138 - ID 107
0.0
Epoch 1/1 - Utterance 91/138 - ID 38
2.17391300201416
Epoch 1/1 - Utterance 92/138 - ID 73
-4.34782600402832
Epoch 1/1 - Utterance 93/138 - ID 43
0.0
Epoch 1/1 - Utterance 94/138 - ID 120
2.5641021728515625
Epoch 1/1 - Utterance 95/138 - ID 10
0.0
Epoch 1/1 - Utterance 96/138 - ID 11
8.333333969116211
Epoch 1/1 - Utterance 97/138 - ID 85
0.0
Epoch 1/1 - Utterance 98/138 - ID 105
0.0
Epoch 1/1 - Utterance 99/138 - ID 12
0.0
Epoch 1/1 - Utterance 100/138 - ID 9
-16.66666603088379
Epoch 1/1 - Utterance 101/138 - ID 132
0.0
Epoch 1/1 - Utterance 102/138 - ID 114
-11.111114501953125
Epoch 1/1 - Utterance 103/138 - ID 71
0.0
Epoch 1/1 - Utterance 104/138 - ID 122
0.0
Epoch 1/1 - Utterance 105/138 - ID 20
-14.285714149475098
Epoch 1/1 - Utterance 106/138 - ID 108
0.0
Epoch 1/1 - Utterance 107/138 - ID 128
0.0
Epoch 1/1 - Utterance 108/138 - ID 113
0.0
Epoch 1/1 - Utterance 109/138 - ID 64
0.0
Epoch 1/1 - Utterance 110/138 - ID 56
0.0
Epoch 1/1 - Utterance 111/138 - ID 130
0.0
Epoch 1/1 - Utterance 112/138 - ID 98
0.0
Epoch 1/1 - Utterance 113/138 - ID 125
0.0
Epoch 1/1 - Utterance 114/138 - ID 109
0.0
Epoch 1/1 - Utterance 115/138 - ID 5
-42.85714340209961
Epoch 1/1 - Utterance 116/138 - ID 47
0.0
Epoch 1/1 - Utterance 117/138 - ID 100
0.0
Epoch 1/1 - Utterance 118/138 - ID 82
0.0
Epoch 1/1 - Utterance 119/138 - ID 111
0.0
Epoch 1/1 - Utterance 120/138 - ID 48
